Case #1: 3
Case #2: 1
Case #3: IMPOSSIBLE
Case #4: 1 2
Case #5: 2 7
Case #6: 109
Case #7: 2103299351335
Case #8: 6
Case #9: IMPOSSIBLE
Case #10: IMPOSSIBLE
Case #11: 5054470283026506
Case #12: 2 7
Case #13: IMPOSSIBLE
Case #14: IMPOSSIBLE
Case #15: 1 2 3 4 5 6 7 8 9 10 11
Case #16: 130155 32017910 63905665 95793420 127681175 159568930 191456685 223344440 255232195 287119950
Case #17: 580558676069 418582805445093 836585052214117 1254587298983141 1672589545752165 2090591792521189 2508594039290213 2926596286059237 3344598532828261 3762600779597285 4180603026366309 4598598962706568
Case #18: 1
Case #19: IMPOSSIBLE
Case #20: 1 2 3 4 5 6 7 8 9 10 11 12 13 14 15 16 17 18 19 20 21 22 23
Case #21: 12345678900000001
Case #22: 144115188075855873
Case #23: 2 12
Case #24: 6
Case #25: 384460126
Case #26: 1108099399 489779933966 978451768533 1467123603100 1955795437667 2444467272234 2933139106801 3421810941368 3910482775935 4329327034369
Case #27: 9007199254740993
Case #28: 1
Case #29: IMPOSSIBLE
Case #30: 103 3383 5833
Case #31: 3
Case #32: IMPOSSIBLE
Case #33: 1 2 3
Case #34: IMPOSSIBLE
Case #35: 14 413 812 1200
Case #36: 9804 3813384 7616964 11420544 15224124 19027704 22831284 26634864 30438444 34242024 38045604 41849184 45652764 49456344 53259924 57063504 60867084 64670664 68474244 72277824 76081404 79884984 83688564 87492144 91286021
Case #37: IMPOSSIBLE
Case #38: 30399297484750849
Case #39: IMPOSSIBLE
Case #40: 28
Case #41: 335466937132 52355092550657
Case #42: 623749 57384866
Case #43: 103 30406 60709 91012 121315 151618 181921 212224 242527 272830 303133 333436 363739 394042 424345 454648 484951 515254 545557 575860 606163 636466 666769 697072 727375 757678 787981 818284 848587 878890 909193 939496 969799 990001
Case #44: 114383962274806
Case #45: 1 2 3 4 5 6 7 8 9 10 11 12 13 14 15 16 17 18 19 20 21 22 23 24 25 26 27 28 29 30 31 32 33 34 35
Case #46: IMPOSSIBLE
Case #47: 750815336453 565363948348421 1129977081360389 1694590214372357 2259203347384325 2823816480396293 3388429613408261 3953042746420229 4517655879432197 5082269012444165 5646882145456133 6211495278468006
Case #48: 16265220 6066926724 12117588228 18168249732 24218911236 30269572740 36320234244 42370895748 48421557252 54472218756 60522626116
Case #49: 16
Case #50: IMPOSSIBLE
Case #51: 1
Case #52: IMPOSSIBLE
Case #53: 702128418550 204319369797860 407936611177170
Case #54: 28895 4218550 8408205 12597860 16787515 20977170
Case #55: 1
Case #56: IMPOSSIBLE
Case #57: 1 2 3 4 5 6 7 8 9 10 11 12 13 14 15 16 17 18 19 20 21 22 23 24 25 26 27 28 29 30 31 32 33 34 35 36 37 38 39 40 41 42 43 44 45 46 47 48 49 50 51 52 53 54 55 56 57 58 59 60 61 62 63 64 65 66 67 68 69 70 71 72 73 74 75 76 77 78 79 80 81 82 83 84 85 86 87 88 89 90 91 92 93 94 95 96 97 98 99 100
Case #58: 102030405060709 91011121314151618 181920212223242527 272829303132333436 363738394041424345 454647484950515254 545556575859606163 636465666768697072 727374757677787981 818283848586878890 909192939495969799 990000000000000001
Case #59: 5187 1457283 2909379 4361475 5813571 7265667 8717763 10169859 11621955 13074051 14526147 15978243 17430339 18882435 20334531 21786627 23238723 24690748
Case #60: IMPOSSIBLE
Case #61: IMPOSSIBLE
Case #62: 83385908498332846
Case #63: 7 49
Case #64: 122254715 14426014737
Case #65: IMPOSSIBLE
Case #66: IMPOSSIBLE
Case #67: 2 178 354 530 706 882 1058 1234 1410 1586 1762 1938 2114 2290 2466 2642 2818 2994 3170 3346 3522 3698 3874 4050 4226 4402 4578 4754 4930 5106 5282 5458 5634 5810 5986 6162 6338 6514 6690 6866 7042 7218 7394 7483
Case #68: 1
Case #69: 38131352 5223995152 10373728321
Case #70: IMPOSSIBLE
Case #71: IMPOSSIBLE
Case #72: 4283500459 2492997266606 4981711032753 7470424798900 9959138565047 12447852331194 14936566097341 17425279863488 19913993629635 22402707395782 24891421161929 27380134928076
Case #73: 5
Case #74: 1235 56790
Case #75: 2
Case #76: IMPOSSIBLE
Case #77: 1 2 3 4
Case #78: IMPOSSIBLE
Case #79: 1
Case #80: IMPOSSIBLE
Case #81: IMPOSSIBLE
Case #82: IMPOSSIBLE
Case #83: IMPOSSIBLE
Case #84: 4661 354186 703711 983041
Case #85: IMPOSSIBLE
Case #86: 10204 4050608 8091012 12131416 16171820 20212224 24252628 28293032 32333436 36373840 40414244 44454648 48495052 52535456 56575860 60616264 64656668 68697072 72737476 76777880 80818284 84858688 88899092 92939496 96979900
Case #87: 2 70 138 206 274 342 410 478 546 614 682 750 818 886 954 1022 1057
Case #88: 83520032329626 31320012123609497 62556504214889368 93711794380859376
Case #89: 2 204 406 608 810 1012 1214 1416 1618 1820 2022 2224 2426 2628 2830 3032 3234 3436 3638 3840 4042 4244 4446 4648 4850 5052 5254 5456 5658 5860 6062 6264 6466 6668 6870 7072 7274 7476 7678 7880 8082 8284 8486 8688 8890 9092 9294 9496 9698 9900
Case #90: 47363281251
Case #91: IMPOSSIBLE
Case #92: IMPOSSIBLE
Case #93: 1
Case #94: IMPOSSIBLE
Case #95: 5536710 1566888684 3128240658 4689592632 6250944606 7812296580 9373648554 10935000528
Case #96: IMPOSSIBLE
Case #97: 27342891567343
Case #98: 450761 169485786 338520811 507555836 676590861 845625886 1014660911 1183695936 1352730961 1521765986 1690801011 1859836036 2028871061 2197906086 2366941111 2502163201
Case #99: 268822560488 170164680788336 340060539016184 509956397244032 679852255471880 849748113699728 1019643971927576 1189539830155424 1359435688383272 1529331546611120
Case #100: IMPOSSIBLE
